<?xml version="1.0" encoding="UTF-8"?>
<testng-results skipped="0" failed="0" total="1" passed="1">
  <reporter-output>
  </reporter-output>
  <suite name="Suite" duration-ms="104089" started-at="2018-05-26T09:30:13Z" finished-at="2018-05-26T09:31:57Z">
    <groups>
    </groups>
    <test name="Test" duration-ms="104089" started-at="2018-05-26T09:30:13Z" finished-at="2018-05-26T09:31:57Z">
      <class name="demo.MavenTest">
        <test-method status="PASS" signature="setUp()[pri:0, instance:demo.MavenTest@e25b2fe]" name="setUp" is-config="true" duration-ms="5812" started-at="2018-05-26T15:00:13Z" finished-at="2018-05-26T15:00:19Z">
          <reporter-output>
          </reporter-output>
        </test-method> <!-- setUp -->
        <test-method status="PASS" signature="m1()[pri:0, instance:demo.MavenTest@e25b2fe]" name="m1" duration-ms="92834" started-at="2018-05-26T15:00:19Z" finished-at="2018-05-26T15:01:52Z">
          <reporter-output>
          </reporter-output>
        </test-method> <!-- m1 -->
        <test-method status="PASS" signature="tearDown()[pri:0, instance:demo.MavenTest@e25b2fe]" name="tearDown" is-config="true" duration-ms="5422" started-at="2018-05-26T15:01:52Z" finished-at="2018-05-26T15:01:57Z">
          <reporter-output>
          </reporter-output>
        </test-method> <!-- tearDown -->
      </class> <!-- demo.MavenTest -->
    </test> <!-- Test -->
  </suite> <!-- Suite -->
</testng-results>
