<?xml version="1.0" encoding="UTF-8"?>
<testng-results skipped="0" failed="0" total="1" passed="1">
  <reporter-output>
  </reporter-output>
  <suite name="Suite" duration-ms="21443" started-at="2018-05-26T09:10:02Z" finished-at="2018-05-26T09:10:23Z">
    <groups>
    </groups>
    <test name="Test" duration-ms="21443" started-at="2018-05-26T09:10:02Z" finished-at="2018-05-26T09:10:23Z">
      <class name="demo.MavenTest">
        <test-method status="PASS" signature="setUp()[pri:0, instance:demo.MavenTest@e25b2fe]" name="setUp" is-config="true" duration-ms="5385" started-at="2018-05-26T14:40:02Z" finished-at="2018-05-26T14:40:07Z">
          <reporter-output>
          </reporter-output>
        </test-method> <!-- setUp -->
        <test-method status="PASS" signature="m1()[pri:0, instance:demo.MavenTest@e25b2fe]" name="m1" duration-ms="10587" started-at="2018-05-26T14:40:07Z" finished-at="2018-05-26T14:40:18Z">
          <reporter-output>
          </reporter-output>
        </test-method> <!-- m1 -->
        <test-method status="PASS" signature="tearDown()[pri:0, instance:demo.MavenTest@e25b2fe]" name="tearDown" is-config="true" duration-ms="5448" started-at="2018-05-26T14:40:18Z" finished-at="2018-05-26T14:40:23Z">
          <reporter-output>
          </reporter-output>
        </test-method> <!-- tearDown -->
      </class> <!-- demo.MavenTest -->
    </test> <!-- Test -->
  </suite> <!-- Suite -->
</testng-results>
